<?xml version="1.0" encoding="UTF-8"?>
<testsuite xmlns:xsi="http://www.w3.org/2001/XMLSchema-instance" xsi:noNamespaceSchemaLocation="https://maven.apache.org/surefire/maven-surefire-plugin/xsd/surefire-test-report.xsd" name="com.epam.rd.autocode.hashtableopen816.HashtableOpen8to16Test" time="0.16" tests="26" errors="0" skipped="0" failures="0">
  <properties>
    <property name="java.specification.version" value="17"/>
    <property name="sun.cpu.isalist" value="amd64"/>
    <property name="sun.jnu.encoding" value="Cp1251"/>
    <property name="java.class.path" value="D:\Навчання\Java. Розвиток\Epam Course\#3. SE Development\Hashtable-open-8-16\target\test-classes;D:\Навчання\Java. Розвиток\Epam Course\#3. SE Development\Hashtable-open-8-16\target\classes;C:\Users\usezc\.m2\repository\com\google\guava\guava\23.0\guava-23.0.jar;C:\Users\usezc\.m2\repository\com\google\code\findbugs\jsr305\1.3.9\jsr305-1.3.9.jar;C:\Users\usezc\.m2\repository\com\google\errorprone\error_prone_annotations\2.0.18\error_prone_annotations-2.0.18.jar;C:\Users\usezc\.m2\repository\com\google\j2objc\j2objc-annotations\1.1\j2objc-annotations-1.1.jar;C:\Users\usezc\.m2\repository\org\codehaus\mojo\animal-sniffer-annotations\1.14\animal-sniffer-annotations-1.14.jar;C:\Users\usezc\.m2\repository\org\junit\jupiter\junit-jupiter-engine\5.6.2\junit-jupiter-engine-5.6.2.jar;C:\Users\usezc\.m2\repository\org\apiguardian\apiguardian-api\1.1.0\apiguardian-api-1.1.0.jar;C:\Users\usezc\.m2\repository\org\junit\platform\junit-platform-engine\1.6.2\junit-platform-engine-1.6.2.jar;C:\Users\usezc\.m2\repository\org\junit\jupiter\junit-jupiter-params\5.6.2\junit-jupiter-params-5.6.2.jar;C:\Users\usezc\.m2\repository\org\junit\jupiter\junit-jupiter-api\5.6.2\junit-jupiter-api-5.6.2.jar;C:\Users\usezc\.m2\repository\org\opentest4j\opentest4j\1.2.0\opentest4j-1.2.0.jar;C:\Users\usezc\.m2\repository\org\junit\platform\junit-platform-commons\1.6.2\junit-platform-commons-1.6.2.jar;C:\Users\usezc\.m2\repository\org\mockito\mockito-core\3.4.0\mockito-core-3.4.0.jar;C:\Users\usezc\.m2\repository\net\bytebuddy\byte-buddy\1.10.10\byte-buddy-1.10.10.jar;C:\Users\usezc\.m2\repository\net\bytebuddy\byte-buddy-agent\1.10.10\byte-buddy-agent-1.10.10.jar;C:\Users\usezc\.m2\repository\org\objenesis\objenesis\2.6\objenesis-2.6.jar;"/>
    <property name="java.vm.vendor" value="Amazon.com Inc."/>
    <property name="sun.arch.data.model" value="64"/>
    <property name="user.variant" value=""/>
    <property name="java.vendor.url" value="https://aws.amazon.com/corretto/"/>
    <property name="user.timezone" value="Europe/Kiev"/>
    <property name="os.name" value="Windows 11"/>
    <property name="java.vm.specification.version" value="17"/>
    <property name="sun.java.launcher" value="SUN_STANDARD"/>
    <property name="user.country" value="UA"/>
    <property name="sun.boot.library.path" value="C:\Users\usezc\.jdks\corretto-17.0.4.1\bin"/>
    <property name="sun.java.command" value="C:\Users\usezc\AppData\Local\Temp\surefire8522920694483154887\surefirebooter15924301111850623993.jar C:\Users\usezc\AppData\Local\Temp\surefire8522920694483154887 2023-03-22T11-53-47_452-jvmRun1 surefire3931894470942790847tmp surefire_04782981509726479272tmp"/>
    <property name="jdk.debug" value="release"/>
    <property name="surefire.test.class.path" value="D:\Навчання\Java. Розвиток\Epam Course\#3. SE Development\Hashtable-open-8-16\target\test-classes;D:\Навчання\Java. Розвиток\Epam Course\#3. SE Development\Hashtable-open-8-16\target\classes;C:\Users\usezc\.m2\repository\com\google\guava\guava\23.0\guava-23.0.jar;C:\Users\usezc\.m2\repository\com\google\code\findbugs\jsr305\1.3.9\jsr305-1.3.9.jar;C:\Users\usezc\.m2\repository\com\google\errorprone\error_prone_annotations\2.0.18\error_prone_annotations-2.0.18.jar;C:\Users\usezc\.m2\repository\com\google\j2objc\j2objc-annotations\1.1\j2objc-annotations-1.1.jar;C:\Users\usezc\.m2\repository\org\codehaus\mojo\animal-sniffer-annotations\1.14\animal-sniffer-annotations-1.14.jar;C:\Users\usezc\.m2\repository\org\junit\jupiter\junit-jupiter-engine\5.6.2\junit-jupiter-engine-5.6.2.jar;C:\Users\usezc\.m2\repository\org\apiguardian\apiguardian-api\1.1.0\apiguardian-api-1.1.0.jar;C:\Users\usezc\.m2\repository\org\junit\platform\junit-platform-engine\1.6.2\junit-platform-engine-1.6.2.jar;C:\Users\usezc\.m2\repository\org\junit\jupiter\junit-jupiter-params\5.6.2\junit-jupiter-params-5.6.2.jar;C:\Users\usezc\.m2\repository\org\junit\jupiter\junit-jupiter-api\5.6.2\junit-jupiter-api-5.6.2.jar;C:\Users\usezc\.m2\repository\org\opentest4j\opentest4j\1.2.0\opentest4j-1.2.0.jar;C:\Users\usezc\.m2\repository\org\junit\platform\junit-platform-commons\1.6.2\junit-platform-commons-1.6.2.jar;C:\Users\usezc\.m2\repository\org\mockito\mockito-core\3.4.0\mockito-core-3.4.0.jar;C:\Users\usezc\.m2\repository\net\bytebuddy\byte-buddy\1.10.10\byte-buddy-1.10.10.jar;C:\Users\usezc\.m2\repository\net\bytebuddy\byte-buddy-agent\1.10.10\byte-buddy-agent-1.10.10.jar;C:\Users\usezc\.m2\repository\org\objenesis\objenesis\2.6\objenesis-2.6.jar;"/>
    <property name="sun.cpu.endian" value="little"/>
    <property name="user.home" value="C:\Users\usezc"/>
    <property name="user.language" value="uk"/>
    <property name="java.specification.vendor" value="Oracle Corporation"/>
    <property name="java.version.date" value="2022-08-12"/>
    <property name="java.home" value="C:\Users\usezc\.jdks\corretto-17.0.4.1"/>
    <property name="file.separator" value="\"/>
    <property name="basedir" value="D:\Навчання\Java. Розвиток\Epam Course\#3. SE Development\Hashtable-open-8-16"/>
    <property name="java.vm.compressedOopsMode" value="32-bit"/>
    <property name="line.separator" value="&#10;"/>
    <property name="java.vm.specification.vendor" value="Oracle Corporation"/>
    <property name="java.specification.name" value="Java Platform API Specification"/>
    <property name="surefire.real.class.path" value="C:\Users\usezc\AppData\Local\Temp\surefire8522920694483154887\surefirebooter15924301111850623993.jar"/>
    <property name="user.script" value=""/>
    <property name="sun.management.compiler" value="HotSpot 64-Bit Tiered Compilers"/>
    <property name="java.runtime.version" value="17.0.4.1+9-LTS"/>
    <property name="user.name" value="usezc"/>
    <property name="path.separator" value=";"/>
    <property name="os.version" value="10.0"/>
    <property name="java.runtime.name" value="OpenJDK Runtime Environment"/>
    <property name="file.encoding" value="Cp1251"/>
    <property name="java.vm.name" value="OpenJDK 64-Bit Server VM"/>
    <property name="java.vendor.version" value="Corretto-17.0.4.9.1"/>
    <property name="localRepository" value="C:\Users\usezc\.m2\repository"/>
    <property name="java.vendor.url.bug" value="https://github.com/corretto/corretto-17/issues/"/>
    <property name="java.io.tmpdir" value="C:\Users\usezc\AppData\Local\Temp\"/>
    <property name="idea.version" value="2022.3.1"/>
    <property name="java.version" value="17.0.4.1"/>
    <property name="user.dir" value="D:\Навчання\Java. Розвиток\Epam Course\#3. SE Development\Hashtable-open-8-16"/>
    <property name="os.arch" value="amd64"/>
    <property name="java.vm.specification.name" value="Java Virtual Machine Specification"/>
    <property name="sun.os.patch.level" value=""/>
    <property name="native.encoding" value="Cp1251"/>
    <property name="java.library.path" value="C:\Users\usezc\.jdks\corretto-17.0.4.1\bin;C:\WINDOWS\Sun\Java\bin;C:\WINDOWS\system32;C:\WINDOWS;C:\Program Files\Common Files\Oracle\Java\javapath;C:\Program Files (x86)\Common Files\Oracle\Java\javapath;C:\Windows\system32;C:\Windows;C:\Windows\System32\Wbem;C:\Windows\System32\WindowsPowerShell\v1.0\;C:\Windows\System32\OpenSSH\;C:\Program Files (x86)\NVIDIA Corporation\PhysX\Common;C:\Program Files\NVIDIA Corporation\NVIDIA NvDLISR;C:\WINDOWS\system32;C:\WINDOWS;C:\WINDOWS\System32\Wbem;C:\WINDOWS\System32\WindowsPowerShell\v1.0\;C:\WINDOWS\System32\OpenSSH\;C:\Program Files\dotnet\;D:\Software on Compic\Git\cmd;C:\Users\usezc\AppData\Local\Microsoft\WindowsApps;;."/>
    <property name="java.vm.info" value="mixed mode, sharing"/>
    <property name="java.vendor" value="Amazon.com Inc."/>
    <property name="java.vm.version" value="17.0.4.1+9-LTS"/>
    <property name="sun.io.unicode.encoding" value="UnicodeLittle"/>
    <property name="java.class.version" value="61.0"/>
  </properties>
  <testcase name="testSimpleFilling{String, int[], String}[1]" classname="com.epam.rd.autocode.hashtableopen816.HashtableOpen8to16Test" time="0.041"/>
  <testcase name="testSimpleFilling{String, int[], String}[2]" classname="com.epam.rd.autocode.hashtableopen816.HashtableOpen8to16Test" time="0.001"/>
  <testcase name="testSimpleFilling{String, int[], String}[3]" classname="com.epam.rd.autocode.hashtableopen816.HashtableOpen8to16Test" time="0.001"/>
  <testcase name="testSimpleFilling{String, int[], String}[4]" classname="com.epam.rd.autocode.hashtableopen816.HashtableOpen8to16Test" time="0.001"/>
  <testcase name="testSimpleFilling{String, int[], String}[5]" classname="com.epam.rd.autocode.hashtableopen816.HashtableOpen8to16Test" time="0.001"/>
  <testcase name="testSimpleFilling{String, int[], String}[6]" classname="com.epam.rd.autocode.hashtableopen816.HashtableOpen8to16Test" time="0.001"/>
  <testcase name="testSimpleFilling{String, int[], String}[7]" classname="com.epam.rd.autocode.hashtableopen816.HashtableOpen8to16Test" time="0.001"/>
  <testcase name="testSimpleFilling{String, int[], String}[8]" classname="com.epam.rd.autocode.hashtableopen816.HashtableOpen8to16Test" time="0"/>
  <testcase name="testFillingAndThenGradualRemove{String, int[], List}[1]" classname="com.epam.rd.autocode.hashtableopen816.HashtableOpen8to16Test" time="0.001"/>
  <testcase name="testFillingAndThenGradualRemove{String, int[], List}[2]" classname="com.epam.rd.autocode.hashtableopen816.HashtableOpen8to16Test" time="0.001"/>
  <testcase name="testFillingAndThenGradualRemove{String, int[], List}[3]" classname="com.epam.rd.autocode.hashtableopen816.HashtableOpen8to16Test" time="0"/>
  <testcase name="testFillingAndThenGradualRemove{String, int[], List}[4]" classname="com.epam.rd.autocode.hashtableopen816.HashtableOpen8to16Test" time="0.001"/>
  <testcase name="testFillingAndThenGradualRemove{String, int[], List}[5]" classname="com.epam.rd.autocode.hashtableopen816.HashtableOpen8to16Test" time="0.002"/>
  <testcase name="testFillingAndThenGradualRemove{String, int[], List}[6]" classname="com.epam.rd.autocode.hashtableopen816.HashtableOpen8to16Test" time="0"/>
  <testcase name="testFillingAndThenGradualRemove{String, int[], List}[7]" classname="com.epam.rd.autocode.hashtableopen816.HashtableOpen8to16Test" time="0"/>
  <testcase name="testFillingAndThenGradualRemove{String, int[], List}[8]" classname="com.epam.rd.autocode.hashtableopen816.HashtableOpen8to16Test" time="0.001"/>
  <testcase name="testOverflow" classname="com.epam.rd.autocode.hashtableopen816.HashtableOpen8to16Test" time="0.002"/>
  <testcase name="testRandomFillAndRefill{String, int[], List}[1]" classname="com.epam.rd.autocode.hashtableopen816.HashtableOpen8to16Test" time="0.002"/>
  <testcase name="testRandomFillAndRefill{String, int[], List}[2]" classname="com.epam.rd.autocode.hashtableopen816.HashtableOpen8to16Test" time="0"/>
  <testcase name="testRandomFillAndRefill{String, int[], List}[3]" classname="com.epam.rd.autocode.hashtableopen816.HashtableOpen8to16Test" time="0"/>
  <testcase name="testRandomFillAndRefill{String, int[], List}[4]" classname="com.epam.rd.autocode.hashtableopen816.HashtableOpen8to16Test" time="0"/>
  <testcase name="testRandomFillAndRefill{String, int[], List}[5]" classname="com.epam.rd.autocode.hashtableopen816.HashtableOpen8to16Test" time="0"/>
  <testcase name="testRandomFillAndRefill{String, int[], List}[6]" classname="com.epam.rd.autocode.hashtableopen816.HashtableOpen8to16Test" time="0.002"/>
  <testcase name="testRandomFillAndRefill{String, int[], List}[7]" classname="com.epam.rd.autocode.hashtableopen816.HashtableOpen8to16Test" time="0"/>
  <testcase name="testRandomFillAndRefill{String, int[], List}[8]" classname="com.epam.rd.autocode.hashtableopen816.HashtableOpen8to16Test" time="0"/>
  <testcase name="testSearch" classname="com.epam.rd.autocode.hashtableopen816.HashtableOpen8to16Test" time="0"/>
</testsuite>